c:\users\71046\onedrive - yamaguchigakuen\授業\2024年度\オンラインゲームⅱ\学生配布\onlinegame2\client\obj\x64\debug\09clientassignment.obj
c:\users\71046\onedrive - yamaguchigakuen\授業\2024年度\オンラインゲームⅱ\学生配布\onlinegame2\client\obj\x64\debug\sprite.obj
c:\users\71046\onedrive - yamaguchigakuen\授業\2024年度\オンラインゲームⅱ\学生配布\onlinegame2\client\obj\x64\debug\imgui_draw.obj
c:\users\71046\onedrive - yamaguchigakuen\授業\2024年度\オンラインゲームⅱ\学生配布\onlinegame2\client\obj\x64\debug\audio.obj
c:\users\71046\onedrive - yamaguchigakuen\授業\2024年度\オンラインゲームⅱ\学生配布\onlinegame2\client\obj\x64\debug\jobclass.obj
c:\users\71046\onedrive - yamaguchigakuen\授業\2024年度\オンラインゲームⅱ\学生配布\onlinegame2\client\obj\x64\debug\stage.obj
c:\users\71046\onedrive - yamaguchigakuen\授業\2024年度\オンラインゲームⅱ\学生配布\onlinegame2\client\obj\x64\debug\01clientassignment.obj
c:\users\71046\onedrive - yamaguchigakuen\授業\2024年度\オンラインゲームⅱ\学生配布\onlinegame2\client\obj\x64\debug\graphics.obj
c:\users\71046\onedrive - yamaguchigakuen\授業\2024年度\オンラインゲームⅱ\学生配布\onlinegame2\client\obj\x64\debug\05clientassignment.obj
c:\users\71046\onedrive - yamaguchigakuen\授業\2024年度\オンラインゲームⅱ\学生配布\onlinegame2\client\obj\x64\debug\model.obj
c:\users\71046\onedrive - yamaguchigakuen\授業\2024年度\オンラインゲームⅱ\学生配布\onlinegame2\client\obj\x64\debug\imgui_impl_dx11.obj
c:\users\71046\onedrive - yamaguchigakuen\授業\2024年度\オンラインゲームⅱ\学生配布\onlinegame2\client\obj\x64\debug\cameracontroller.obj
c:\users\71046\onedrive - yamaguchigakuen\授業\2024年度\オンラインゲームⅱ\学生配布\onlinegame2\client\obj\x64\debug\font.obj
c:\users\71046\onedrive - yamaguchigakuen\授業\2024年度\オンラインゲームⅱ\学生配布\onlinegame2\client\obj\x64\debug\04clientassignment.obj
c:\users\71046\onedrive - yamaguchigakuen\授業\2024年度\オンラインゲームⅱ\学生配布\onlinegame2\client\obj\x64\debug\modelresource.obj
c:\users\71046\onedrive - yamaguchigakuen\授業\2024年度\オンラインゲームⅱ\学生配布\onlinegame2\client\obj\x64\debug\07clientassignment.obj
c:\users\71046\onedrive - yamaguchigakuen\授業\2024年度\オンラインゲームⅱ\学生配布\onlinegame2\client\obj\x64\debug\gamepad.obj
c:\users\71046\onedrive - yamaguchigakuen\授業\2024年度\オンラインゲームⅱ\学生配布\onlinegame2\client\obj\x64\debug\framework.obj
c:\users\71046\onedrive - yamaguchigakuen\授業\2024年度\オンラインゲームⅱ\学生配布\onlinegame2\client\obj\x64\debug\imgui_demo.obj
c:\users\71046\onedrive - yamaguchigakuen\授業\2024年度\オンラインゲームⅱ\学生配布\onlinegame2\client\obj\x64\debug\10clientassignment.obj
c:\users\71046\onedrive - yamaguchigakuen\授業\2024年度\オンラインゲームⅱ\学生配布\onlinegame2\client\obj\x64\debug\scene.obj
c:\users\71046\onedrive - yamaguchigakuen\授業\2024年度\オンラインゲームⅱ\学生配布\onlinegame2\client\obj\x64\debug\02clientassignment.obj
c:\users\71046\onedrive - yamaguchigakuen\授業\2024年度\オンラインゲームⅱ\学生配布\onlinegame2\client\obj\x64\debug\imguirenderer.obj
c:\users\71046\onedrive - yamaguchigakuen\授業\2024年度\オンラインゲームⅱ\学生配布\onlinegame2\client\obj\x64\debug\03clientassignment.obj
c:\users\71046\onedrive - yamaguchigakuen\授業\2024年度\オンラインゲームⅱ\学生配布\onlinegame2\client\obj\x64\debug\linerenderer.obj
c:\users\71046\onedrive - yamaguchigakuen\授業\2024年度\オンラインゲームⅱ\学生配布\onlinegame2\client\obj\x64\debug\wictextureloader.obj
c:\users\71046\onedrive - yamaguchigakuen\授業\2024年度\オンラインゲームⅱ\学生配布\onlinegame2\client\obj\x64\debug\player.obj
c:\users\71046\onedrive - yamaguchigakuen\授業\2024年度\オンラインゲームⅱ\学生配布\onlinegame2\client\obj\x64\debug\scenemanager.obj
c:\users\71046\onedrive - yamaguchigakuen\授業\2024年度\オンラインゲームⅱ\学生配布\onlinegame2\client\obj\x64\debug\08clientassignment.obj
c:\users\71046\onedrive - yamaguchigakuen\授業\2024年度\オンラインゲームⅱ\学生配布\onlinegame2\client\obj\x64\debug\input.obj
c:\users\71046\onedrive - yamaguchigakuen\授業\2024年度\オンラインゲームⅱ\学生配布\onlinegame2\client\obj\x64\debug\logger.obj
c:\users\71046\onedrive - yamaguchigakuen\授業\2024年度\オンラインゲームⅱ\学生配布\onlinegame2\client\obj\x64\debug\imgui_widgets.obj
c:\users\71046\onedrive - yamaguchigakuen\授業\2024年度\オンラインゲームⅱ\学生配布\onlinegame2\client\obj\x64\debug\audioresource.obj
c:\users\71046\onedrive - yamaguchigakuen\授業\2024年度\オンラインゲームⅱ\学生配布\onlinegame2\client\obj\x64\debug\collision.obj
c:\users\71046\onedrive - yamaguchigakuen\授業\2024年度\オンラインゲームⅱ\学生配布\onlinegame2\client\obj\x64\debug\scenetitle.obj
c:\users\71046\onedrive - yamaguchigakuen\授業\2024年度\オンラインゲームⅱ\学生配布\onlinegame2\client\obj\x64\debug\06clientassignment.obj
c:\users\71046\onedrive - yamaguchigakuen\授業\2024年度\オンラインゲームⅱ\学生配布\onlinegame2\client\obj\x64\debug\lambertshader.obj
c:\users\71046\onedrive - yamaguchigakuen\授業\2024年度\オンラインゲームⅱ\学生配布\onlinegame2\client\obj\x64\debug\imgui_impl_win32.obj
c:\users\71046\onedrive - yamaguchigakuen\授業\2024年度\オンラインゲームⅱ\学生配布\onlinegame2\client\obj\x64\debug\audiosource.obj
c:\users\71046\onedrive - yamaguchigakuen\授業\2024年度\オンラインゲームⅱ\学生配布\onlinegame2\client\obj\x64\debug\debugrenderer.obj
c:\users\71046\onedrive - yamaguchigakuen\授業\2024年度\オンラインゲームⅱ\学生配布\onlinegame2\client\obj\x64\debug\mouse.obj
c:\users\71046\onedrive - yamaguchigakuen\授業\2024年度\オンラインゲームⅱ\学生配布\onlinegame2\client\obj\x64\debug\imgui.obj
c:\users\71046\onedrive - yamaguchigakuen\授業\2024年度\オンラインゲームⅱ\学生配布\onlinegame2\client\obj\x64\debug\camera.obj
c:\users\71046\onedrive - yamaguchigakuen\授業\2024年度\オンラインゲームⅱ\学生配布\onlinegame2\client\obj\x64\debug\actor.obj
c:\users\71046\onedrive - yamaguchigakuen\授業\2024年度\オンラインゲームⅱ\学生配布\onlinegame2\client\obj\x64\debug\main.obj
c:\users\71046\onedrive - yamaguchigakuen\授業\2024年度\オンラインゲームⅱ\学生配布\onlinegame2\client\obj\x64\debug\vc142.pdb
c:\users\71046\onedrive - yamaguchigakuen\授業\2024年度\オンラインゲームⅱ\学生配布\onlinegame2\client\bin\x64\debug\client.lib
c:\users\71046\onedrive - yamaguchigakuen\授業\2024年度\オンラインゲームⅱ\学生配布\onlinegame2\client\bin\x64\debug\client.exp
c:\users\71046\onedrive - yamaguchigakuen\授業\2024年度\オンラインゲームⅱ\学生配布\onlinegame2\client\shader\debugps.cso
c:\users\71046\onedrive - yamaguchigakuen\授業\2024年度\オンラインゲームⅱ\学生配布\onlinegame2\client\shader\debugvs.cso
c:\users\71046\onedrive - yamaguchigakuen\授業\2024年度\オンラインゲームⅱ\学生配布\onlinegame2\client\shader\fontps.cso
c:\users\71046\onedrive - yamaguchigakuen\授業\2024年度\オンラインゲームⅱ\学生配布\onlinegame2\client\shader\fontvs.cso
c:\users\71046\onedrive - yamaguchigakuen\授業\2024年度\オンラインゲームⅱ\学生配布\onlinegame2\client\shader\imguips.cso
c:\users\71046\onedrive - yamaguchigakuen\授業\2024年度\オンラインゲームⅱ\学生配布\onlinegame2\client\shader\imguivs.cso
c:\users\71046\onedrive - yamaguchigakuen\授業\2024年度\オンラインゲームⅱ\学生配布\onlinegame2\client\shader\lambertps.cso
c:\users\71046\onedrive - yamaguchigakuen\授業\2024年度\オンラインゲームⅱ\学生配布\onlinegame2\client\shader\lambertvs.cso
c:\users\71046\onedrive - yamaguchigakuen\授業\2024年度\オンラインゲームⅱ\学生配布\onlinegame2\client\shader\lineps.cso
c:\users\71046\onedrive - yamaguchigakuen\授業\2024年度\オンラインゲームⅱ\学生配布\onlinegame2\client\shader\linevs.cso
c:\users\71046\onedrive - yamaguchigakuen\授業\2024年度\オンラインゲームⅱ\学生配布\onlinegame2\client\shader\spriteps.cso
c:\users\71046\onedrive - yamaguchigakuen\授業\2024年度\オンラインゲームⅱ\学生配布\onlinegame2\client\shader\spritevs.cso
c:\users\71046\onedrive - yamaguchigakuen\授業\2024年度\オンラインゲームⅱ\学生配布\onlinegame2\client\obj\x64\debug\client.ilk
c:\users\71046\onedrive - yamaguchigakuen\授業\2024年度\オンラインゲームⅱ\学生配布\onlinegame2\client\bin\x64\debug\client.exe
c:\users\71046\onedrive - yamaguchigakuen\授業\2024年度\オンラインゲームⅱ\学生配布\onlinegame2\client\bin\x64\debug\client.pdb
c:\users\71046\onedrive - yamaguchigakuen\授業\2024年度\オンラインゲームⅱ\学生配布\onlinegame2\client\obj\x64\debug\vc142.idb
c:\users\71046\onedrive - yamaguchigakuen\授業\2024年度\オンラインゲームⅱ\学生配布\onlinegame2\client\obj\x64\debug\client.tlog\cl.16212.write.1.tlog
c:\users\71046\onedrive - yamaguchigakuen\授業\2024年度\オンラインゲームⅱ\学生配布\onlinegame2\client\obj\x64\debug\client.tlog\cl.command.1.tlog
c:\users\71046\onedrive - yamaguchigakuen\授業\2024年度\オンラインゲームⅱ\学生配布\onlinegame2\client\obj\x64\debug\client.tlog\cl.read.1.tlog
c:\users\71046\onedrive - yamaguchigakuen\授業\2024年度\オンラインゲームⅱ\学生配布\onlinegame2\client\obj\x64\debug\client.tlog\client.write.1u.tlog
c:\users\71046\onedrive - yamaguchigakuen\授業\2024年度\オンラインゲームⅱ\学生配布\onlinegame2\client\obj\x64\debug\client.tlog\fxc.command.1.tlog
c:\users\71046\onedrive - yamaguchigakuen\授業\2024年度\オンラインゲームⅱ\学生配布\onlinegame2\client\obj\x64\debug\client.tlog\fxc.read.1.tlog
c:\users\71046\onedrive - yamaguchigakuen\授業\2024年度\オンラインゲームⅱ\学生配布\onlinegame2\client\obj\x64\debug\client.tlog\fxc.write.1.tlog
c:\users\71046\onedrive - yamaguchigakuen\授業\2024年度\オンラインゲームⅱ\学生配布\onlinegame2\client\obj\x64\debug\client.tlog\link.command.1.tlog
c:\users\71046\onedrive - yamaguchigakuen\授業\2024年度\オンラインゲームⅱ\学生配布\onlinegame2\client\obj\x64\debug\client.tlog\link.read.1.tlog
c:\users\71046\onedrive - yamaguchigakuen\授業\2024年度\オンラインゲームⅱ\学生配布\onlinegame2\client\obj\x64\debug\client.tlog\link.write.1.tlog
